<?xml version="1.0" encoding="UTF-8"?>
<testsuite xmlns:xsi="http://www.w3.org/2001/XMLSchema-instance" xsi:noNamespaceSchemaLocation="https://maven.apache.org/surefire/maven-surefire-plugin/xsd/surefire-test-report.xsd" name="stepDefination.TestRunner" time="192.627" tests="5" errors="2" skipped="0" failures="0">
  <properties>
[...]
</properties>
  <testcase name="Validate login functionality with correct credentials #1" classname="Login Feature" time="46.636"/>
  <testcase name="Validate login functionality with correct credentials #2" classname="Login Feature" time="31.949"/>
  <testcase name="New Customer Creation with all Credentails" classname="Creation of New Customder for Guru99 Demo App" time="36.532"/>
  <testcase name="Create new customer Acccount with using new customerID" classname="Create new Customer Account" time="49.368">
    <error message="No account created" type="java.lang.NullPointerException">java.lang.NullPointerException: No account created
</error>
    <system-out><![CDATA[
@sanity
Scenario Outline: Create new customer Acccount with using new customerID # src/test/java/FeatureFiles/CreatenewCustomsAccount.feature:21
I will run before every scenarios1
I will run before every scenarios2
Guru99 Bank Home Page
user is on login page
  Given user open the login page of application                          # stepDefination.stepDefination.user_open_the_login_page_of_application()
  And user Enter Valid user name as "mngr654835"                         # stepDefination.stepDefination.user_enter_valid_user_name_as(java.lang.String)
  And User Enter valid password as "gagedut"                             # stepDefination.stepDefination.user_enter_valid_password_as(java.lang.String)
  When user click on login button                                        # stepDefination.stepDefination.user_click_on_login_button()
Guru99 Bank Manager HomePage
  Then user navigate to Homepage                                         # stepDefination.stepDefination.user_navigate_to_homepage()
  And User Click on new account link                                     # stepDefination.stepDefination.user_click_on_new_account_link()
  And user Enter Customer ID as "36274"                                  # stepDefination.stepDefination.user_enter_customer_id_as(java.lang.String)
  And User Select account type from dropdown                             # stepDefination.stepDefination.user_select_account_type_from_dropdown()
  And user enter initial deposite amount as "62772792"                   # stepDefination.stepDefination.user_enter_initial_deposite_amount_as(java.lang.String)
  When User Click on submit button                                       # stepDefination.stepDefination.user_click_on_submit_button()
Gtpl Bank Customer Registration Page
  Then Validate User can see the new account is displayed.               # stepDefination.stepDefination.validate_user_can_see_the_new_account_is_displayed()
      java.lang.NullPointerException: No account created
      	at stepDefination.stepDefination.validate_user_can_see_the_new_account_is_displayed(stepDefination.java:441)
      	at âœ½.Validate User can see the new account is displayed.(file:///C:/Users/LENOVO/eclipse-workspace/MyPracticeCucumber/src/test/java/FeatureFiles/CreatenewCustomsAccount.feature:17)
I will run after every scenarios2
I will run after every scenarios1
]]></system-out>
    <system-err><![CDATA[Mar 19, 2026 10:04:29 PM org.openqa.selenium.devtools.CdpVersionFinder findNearestMatch
WARNING: Unable to find CDP implementation matching 146
Mar 19, 2026 10:04:29 PM org.openqa.selenium.chromium.ChromiumDriver lambda$new$4
WARNING: Unable to find version of CDP to use for 146.0.7680.80. You may need to include a dependency on a specific version of the CDP using something similar to `org.seleniumhq.selenium:selenium-devtools-v86:4.34.0` where the version ("v86") matches the version of the chromium-based browser you're using and the version number of the artifact is the same as Selenium's.
]]></system-err>
  </testcase>
  <testcase name="To verify that user can logout the application after login" classname="Verify that LogOut functionality" time="26.099">
    <error message="unexpected alert open: {Alert text : You Have Succesfully Logged Out!!}&#10;  (Session info: chrome=146.0.7680.80): You Have Succesfully Logged Out!!&#10;Build info: version: &apos;4.34.0&apos;, revision: &apos;707dcb4246*&apos;&#10;System info: os.name: &apos;Windows 11&apos;, os.arch: &apos;amd64&apos;, os.version: &apos;10.0&apos;, java.version: &apos;17.0.12&apos;&#10;Driver info: org.openqa.selenium.chrome.ChromeDriver&#10;Command: [dc1c85330ff853986df4469e95fd587f, findElement {using=xpath, value=//a[contains(text(),&apos;Log out&apos;)]}]&#10;Capabilities {acceptInsecureCerts: false, browserName: chrome, browserVersion: 146.0.7680.80, chrome: {chromedriverVersion: 146.0.7680.153 (85fd829a1b2..., userDataDir: C:\Users\LENOVO\AppData\Loc...}, fedcm:accounts: true, goog:chromeOptions: {debuggerAddress: localhost:61367}, goog:processID: 35148, networkConnectionEnabled: false, pageLoadStrategy: normal, platformName: windows, proxy: Proxy(), se:cdp: ws://localhost:61367/devtoo..., se:cdpVersion: 146.0.7680.80, setWindowRect: true, strictFileInteractability: false, timeouts: {implicit: 0, pageLoad: 300000, script: 30000}, unhandledPromptBehavior: dismiss and notify, webauthn:extension:credBlob: true, webauthn:extension:largeBlob: true, webauthn:extension:minPinLength: true, webauthn:extension:prf: true, webauthn:virtualAuthenticators: true}&#10;Session ID: dc1c85330ff853986df4469e95fd587f" type="org.openqa.selenium.UnhandledAlertException">org.openqa.selenium.UnhandledAlertException: 
unexpected alert open: {Alert text : You Have Succesfully Logged Out!!}
  (Session info: chrome=146.0.7680.80): You Have Succesfully Logged Out!!
Build info: version: '4.34.0', revision: '707dcb4246*'
System info: os.name: 'Windows 11', os.arch: 'amd64', os.version: '10.0', java.version: '17.0.12'
Driver info: org.openqa.selenium.chrome.ChromeDriver
Command: [dc1c85330ff853986df4469e95fd587f, findElement {using=xpath, value=//a[contains(text(),'Log out')]}]
Capabilities {acceptInsecureCerts: false, browserName: chrome, browserVersion: 146.0.7680.80, chrome: {chromedriverVersion: 146.0.7680.153 (85fd829a1b2..., userDataDir: C:\Users\LENOVO\AppData\Loc...}, fedcm:accounts: true, goog:chromeOptions: {debuggerAddress: localhost:61367}, goog:processID: 35148, networkConnectionEnabled: false, pageLoadStrategy: normal, platformName: windows, proxy: Proxy(), se:cdp: ws://localhost:61367/devtoo..., se:cdpVersion: 146.0.7680.80, setWindowRect: true, strictFileInteractability: false, timeouts: {implicit: 0, pageLoad: 300000, script: 30000}, unhandledPromptBehavior: dismiss and notify, webauthn:extension:credBlob: true, webauthn:extension:largeBlob: true, webauthn:extension:minPinLength: true, webauthn:extension:prf: true, webauthn:virtualAuthenticators: true}
Session ID: dc1c85330ff853986df4469e95fd587f
</error>
    <system-out><![CDATA[
@sanity
Scenario: To verify that user can logout the application after login # src/test/java/FeatureFiles/LogOutFunctionality.feature:13
I will run before every scenarios1
I will run before every scenarios2
Guru99 Bank Home Page
user is on login page
  Given user open the login page of application                      # stepDefination.stepDefination.user_open_the_login_page_of_application()
  And user Enter Valid user name as "mngr654835"                     # stepDefination.stepDefination.user_enter_valid_user_name_as(java.lang.String)
  And User Enter valid password as "gagedut"                         # stepDefination.stepDefination.user_enter_valid_password_as(java.lang.String)
  When user click on login button                                    # stepDefination.stepDefination.user_click_on_login_button()
Guru99 Bank Manager HomePage
  Then user navigate to Homepage                                     # stepDefination.stepDefination.user_navigate_to_homepage()
  When User click on logout button                                   # stepDefination.stepDefination.user_click_on_logout_button()
      org.openqa.selenium.UnhandledAlertException: unexpected alert open: {Alert text : You Have Succesfully Logged Out!!}
        (Session info: chrome=146.0.7680.80): You Have Succesfully Logged Out!!
      Build info: version: '4.34.0', revision: '707dcb4246*'
      System info: os.name: 'Windows 11', os.arch: 'amd64', os.version: '10.0', java.version: '17.0.12'
      Driver info: org.openqa.selenium.chrome.ChromeDriver
      Command: [dc1c85330ff853986df4469e95fd587f, findElement {using=xpath, value=//a[contains(text(),'Log out')]}]
      Capabilities {acceptInsecureCerts: false, browserName: chrome, browserVersion: 146.0.7680.80, chrome: {chromedriverVersion: 146.0.7680.153 (85fd829a1b2..., userDataDir: C:\Users\LENOVO\AppData\Loc...}, fedcm:accounts: true, goog:chromeOptions: {debuggerAddress: localhost:61367}, goog:processID: 35148, networkConnectionEnabled: false, pageLoadStrategy: normal, platformName: windows, proxy: Proxy(), se:cdp: ws://localhost:61367/devtoo..., se:cdpVersion: 146.0.7680.80, setWindowRect: true, strictFileInteractability: false, timeouts: {implicit: 0, pageLoad: 300000, script: 30000}, unhandledPromptBehavior: dismiss and notify, webauthn:extension:credBlob: true, webauthn:extension:largeBlob: true, webauthn:extension:minPinLength: true, webauthn:extension:prf: true, webauthn:virtualAuthenticators: true}
      Session ID: dc1c85330ff853986df4469e95fd587f
      	at org.openqa.selenium.remote.codec.w3c.W3CHttpResponseCodec.decode(W3CHttpResponseCodec.java:136)
      	at org.openqa.selenium.remote.codec.w3c.W3CHttpResponseCodec.decode(W3CHttpResponseCodec.java:50)
      	at org.openqa.selenium.remote.HttpCommandExecutor.execute(HttpCommandExecutor.java:215)
      	at org.openqa.selenium.remote.service.DriverCommandExecutor.invokeExecute(DriverCommandExecutor.java:216)
      	at org.openqa.selenium.remote.service.DriverCommandExecutor.execute(DriverCommandExecutor.java:174)
      	at org.openqa.selenium.remote.RemoteWebDriver.execute(RemoteWebDriver.java:544)
      	at org.openqa.selenium.remote.ElementLocation$ElementFinder$2.findElement(ElementLocation.java:165)
      	at org.openqa.selenium.remote.ElementLocation.findElement(ElementLocation.java:59)
      	at org.openqa.selenium.remote.RemoteWebDriver.findElement(RemoteWebDriver.java:367)
      	at org.openqa.selenium.remote.RemoteWebDriver.findElement(RemoteWebDriver.java:361)
      	at org.openqa.selenium.support.pagefactory.DefaultElementLocator.findElement(DefaultElementLocator.java:68)
      	at org.openqa.selenium.support.pagefactory.internal.LocatingElementHandler.invoke(LocatingElementHandler.java:38)
      	at jdk.proxy2/jdk.proxy2.$Proxy22.click(Unknown Source)
      	at PageFactory20.logOutPage.clickOnLogOut(logOutPage.java:41)
      	at stepDefination.stepDefination.user_click_on_logout_button(stepDefination.java:448)
      	at âœ½.User click on logout button(file:///C:/Users/LENOVO/eclipse-workspace/MyPracticeCucumber/src/test/java/FeatureFiles/LogOutFunctionality.feature:14)
  And User read logout msg and  click on ok button                   # stepDefination.stepDefination.user_read_logout_msg_and_click_on_ok_button()
  Then user is navigate to loginpage                                 # stepDefination.stepDefination.user_is_navigate_to_loginpage()
I will run after every scenarios2
I will run after every scenarios1
]]></system-out>
    <system-err><![CDATA[Mar 19, 2026 10:05:18 PM org.openqa.selenium.devtools.CdpVersionFinder findNearestMatch
WARNING: Unable to find CDP implementation matching 146
Mar 19, 2026 10:05:18 PM org.openqa.selenium.chromium.ChromiumDriver lambda$new$4
WARNING: Unable to find version of CDP to use for 146.0.7680.80. You may need to include a dependency on a specific version of the CDP using something similar to `org.seleniumhq.selenium:selenium-devtools-v86:4.34.0` where the version ("v86") matches the version of the chromium-based browser you're using and the version number of the artifact is the same as Selenium's.
]]></system-err>
  </testcase>
</testsuite>